23:17:11.709 [main] INFO  o.h.j.i.u.LogHelper -
                HHH000204: Processing PersistenceUnitInfo [
	name: jpademo
	...]
23:17:11.816 [main] INFO  o.h.Version -
                HHH000412: Hibernate Core {5.2.2.Final}
23:17:11.817 [main] INFO  o.h.c.Environment -
                HHH000206: hibernate.properties not found
23:17:11.818 [main] INFO  o.h.c.Environment -
                HHH000021: Bytecode provider name : javassist
23:17:11.855 [main] INFO  o.h.a.c.Version -
                HCANN000001: Hibernate Commons Annotations {5.0.1.Final}
23:17:11.950 [main] WARN  o.h.o.c.pooling -
                HHH10001002: Using Hibernate built-in connection pool (not for production use!)
23:17:11.952 [main] INFO  o.h.o.c.pooling -
                HHH10001005: using driver [org.h2.Driver] at URL [jdbc:h2:tcp://localhost/~/test]
23:17:11.952 [main] INFO  o.h.o.c.pooling -
                HHH10001001: Connection properties: {user=sa}
23:17:11.952 [main] INFO  o.h.o.c.pooling -
                HHH10001003: Autocommit mode: false
23:17:11.955 [main] INFO  o.h.e.j.c.i.DriverManagerConnectionProviderImpl -
                HHH000115: Hibernate connection pool size: 20 (min=1)
23:17:12.018 [main] INFO  o.h.d.Dialect -
                HHH000400: Using dialect: org.hibernate.dialect.H2Dialect
23:17:12.400 [main] INFO  o.h.o.c.pooling -
                HHH10001008: Cleaning up connection pool [jdbc:h2:tcp://localhost/~/test]
23:18:42.783 [main] INFO  o.h.j.i.u.LogHelper -
                HHH000204: Processing PersistenceUnitInfo [
	name: jpademo
	...]
23:18:42.879 [main] INFO  o.h.Version -
                HHH000412: Hibernate Core {5.2.2.Final}
23:18:42.881 [main] INFO  o.h.c.Environment -
                HHH000206: hibernate.properties not found
23:18:42.883 [main] INFO  o.h.c.Environment -
                HHH000021: Bytecode provider name : javassist
23:18:42.922 [main] INFO  o.h.a.c.Version -
                HCANN000001: Hibernate Commons Annotations {5.0.1.Final}
23:18:43.019 [main] WARN  o.h.o.c.pooling -
                HHH10001002: Using Hibernate built-in connection pool (not for production use!)
23:18:43.023 [main] INFO  o.h.o.c.pooling -
                HHH10001005: using driver [org.h2.Driver] at URL [jdbc:h2:tcp://localhost/~/test]
23:18:43.023 [main] INFO  o.h.o.c.pooling -
                HHH10001001: Connection properties: {user=sa}
23:18:43.024 [main] INFO  o.h.o.c.pooling -
                HHH10001003: Autocommit mode: false
23:18:43.028 [main] INFO  o.h.e.j.c.i.DriverManagerConnectionProviderImpl -
                HHH000115: Hibernate connection pool size: 20 (min=1)
23:18:43.144 [main] INFO  o.h.d.Dialect -
                HHH000400: Using dialect: org.hibernate.dialect.H2Dialect
23:18:43.713 [main] INFO  o.h.o.c.pooling -
                HHH10001008: Cleaning up connection pool [jdbc:h2:tcp://localhost/~/test]
23:20:35.552 [main] INFO  o.h.j.i.u.LogHelper -
                HHH000204: Processing PersistenceUnitInfo [
	name: jpademo
	...]
23:20:35.642 [main] INFO  o.h.Version -
                HHH000412: Hibernate Core {5.2.2.Final}
23:20:35.643 [main] INFO  o.h.c.Environment -
                HHH000206: hibernate.properties not found
23:20:35.645 [main] INFO  o.h.c.Environment -
                HHH000021: Bytecode provider name : javassist
23:20:35.688 [main] INFO  o.h.a.c.Version -
                HCANN000001: Hibernate Commons Annotations {5.0.1.Final}
23:20:35.779 [main] WARN  o.h.o.c.pooling -
                HHH10001002: Using Hibernate built-in connection pool (not for production use!)
23:20:35.782 [main] INFO  o.h.o.c.pooling -
                HHH10001005: using driver [org.h2.Driver] at URL [jdbc:h2:tcp://localhost/~/test]
23:20:35.782 [main] INFO  o.h.o.c.pooling -
                HHH10001001: Connection properties: {user=sa}
23:20:35.782 [main] INFO  o.h.o.c.pooling -
                HHH10001003: Autocommit mode: false
23:20:35.801 [main] INFO  o.h.e.j.c.i.DriverManagerConnectionProviderImpl -
                HHH000115: Hibernate connection pool size: 20 (min=1)
23:20:35.891 [main] INFO  o.h.d.Dialect -
                HHH000400: Using dialect: org.hibernate.dialect.H2Dialect
23:20:36.342 [main] INFO  o.h.o.c.pooling -
                HHH10001008: Cleaning up connection pool [jdbc:h2:tcp://localhost/~/test]
23:20:50.465 [main] INFO  o.h.j.i.u.LogHelper -
                HHH000204: Processing PersistenceUnitInfo [
	name: jpademo
	...]
23:20:50.586 [main] INFO  o.h.Version -
                HHH000412: Hibernate Core {5.2.2.Final}
23:20:50.587 [main] INFO  o.h.c.Environment -
                HHH000206: hibernate.properties not found
23:20:50.589 [main] INFO  o.h.c.Environment -
                HHH000021: Bytecode provider name : javassist
23:20:50.628 [main] INFO  o.h.a.c.Version -
                HCANN000001: Hibernate Commons Annotations {5.0.1.Final}
23:20:50.725 [main] WARN  o.h.o.c.pooling -
                HHH10001002: Using Hibernate built-in connection pool (not for production use!)
23:20:50.731 [main] INFO  o.h.o.c.pooling -
                HHH10001005: using driver [org.h2.Driver] at URL [jdbc:h2:tcp://localhost/~/test]
23:20:50.732 [main] INFO  o.h.o.c.pooling -
                HHH10001001: Connection properties: {user=sa}
23:20:50.732 [main] INFO  o.h.o.c.pooling -
                HHH10001003: Autocommit mode: false
23:20:50.736 [main] INFO  o.h.e.j.c.i.DriverManagerConnectionProviderImpl -
                HHH000115: Hibernate connection pool size: 20 (min=1)
23:20:50.904 [main] INFO  o.h.d.Dialect -
                HHH000400: Using dialect: org.hibernate.dialect.H2Dialect
23:20:51.270 [main] INFO  o.h.t.s.i.SchemaCreatorImpl -
                HHH000476: Executing import script 'org.hibernate.tool.schema.internal.exec.ScriptSourceInputNonExistentImpl@4bd31064'
23:20:51.342 [main] INFO  o.h.o.c.pooling -
                HHH10001008: Cleaning up connection pool [jdbc:h2:tcp://localhost/~/test]
23:23:11.464 [main] INFO  o.h.j.i.u.LogHelper -
                HHH000204: Processing PersistenceUnitInfo [
	name: jpademo
	...]
23:23:11.563 [main] INFO  o.h.Version -
                HHH000412: Hibernate Core {5.2.2.Final}
23:23:11.564 [main] INFO  o.h.c.Environment -
                HHH000206: hibernate.properties not found
23:23:11.566 [main] INFO  o.h.c.Environment -
                HHH000021: Bytecode provider name : javassist
23:23:11.600 [main] INFO  o.h.a.c.Version -
                HCANN000001: Hibernate Commons Annotations {5.0.1.Final}
23:23:11.686 [main] WARN  o.h.o.c.pooling -
                HHH10001002: Using Hibernate built-in connection pool (not for production use!)
23:23:11.689 [main] INFO  o.h.o.c.pooling -
                HHH10001005: using driver [org.h2.Driver] at URL [jdbc:h2:tcp://localhost/~/test]
23:23:11.689 [main] INFO  o.h.o.c.pooling -
                HHH10001001: Connection properties: {user=sa}
23:23:11.689 [main] INFO  o.h.o.c.pooling -
                HHH10001003: Autocommit mode: false
23:23:11.692 [main] INFO  o.h.e.j.c.i.DriverManagerConnectionProviderImpl -
                HHH000115: Hibernate connection pool size: 20 (min=1)
23:23:11.764 [main] INFO  o.h.d.Dialect -
                HHH000400: Using dialect: org.hibernate.dialect.H2Dialect
23:23:12.155 [main] INFO  o.h.t.s.i.SchemaCreatorImpl -
                HHH000476: Executing import script 'org.hibernate.tool.schema.internal.exec.ScriptSourceInputNonExistentImpl@4bd31064'
23:23:12.234 [main] INFO  o.h.o.c.pooling -
                HHH10001008: Cleaning up connection pool [jdbc:h2:tcp://localhost/~/test]
23:26:42.025 [main] INFO  o.h.j.i.u.LogHelper -
                HHH000204: Processing PersistenceUnitInfo [
	name: jpademo
	...]
23:26:42.155 [main] INFO  o.h.Version -
                HHH000412: Hibernate Core {5.2.2.Final}
23:26:42.157 [main] INFO  o.h.c.Environment -
                HHH000206: hibernate.properties not found
23:26:42.158 [main] INFO  o.h.c.Environment -
                HHH000021: Bytecode provider name : javassist
23:26:42.205 [main] INFO  o.h.a.c.Version -
                HCANN000001: Hibernate Commons Annotations {5.0.1.Final}
23:26:42.382 [main] WARN  o.h.o.c.pooling -
                HHH10001002: Using Hibernate built-in connection pool (not for production use!)
23:26:42.385 [main] INFO  o.h.o.c.pooling -
                HHH10001005: using driver [org.h2.Driver] at URL [jdbc:h2:tcp://localhost/~/test]
23:26:42.386 [main] INFO  o.h.o.c.pooling -
                HHH10001001: Connection properties: {user=sa}
23:26:42.386 [main] INFO  o.h.o.c.pooling -
                HHH10001003: Autocommit mode: false
23:26:42.390 [main] INFO  o.h.e.j.c.i.DriverManagerConnectionProviderImpl -
                HHH000115: Hibernate connection pool size: 20 (min=1)
23:26:42.518 [main] INFO  o.h.d.Dialect -
                HHH000400: Using dialect: org.hibernate.dialect.H2Dialect
23:26:42.865 [main] INFO  o.h.t.s.i.SchemaCreatorImpl -
                HHH000476: Executing import script 'org.hibernate.tool.schema.internal.exec.ScriptSourceInputNonExistentImpl@687a762c'
23:28:37.930 [main] INFO  o.h.o.c.pooling -
                HHH10001008: Cleaning up connection pool [jdbc:h2:tcp://localhost/~/test]
23:28:47.526 [main] INFO  o.h.j.i.u.LogHelper -
                HHH000204: Processing PersistenceUnitInfo [
	name: jpademo
	...]
23:28:47.667 [main] INFO  o.h.Version -
                HHH000412: Hibernate Core {5.2.2.Final}
23:28:47.668 [main] INFO  o.h.c.Environment -
                HHH000206: hibernate.properties not found
23:28:47.670 [main] INFO  o.h.c.Environment -
                HHH000021: Bytecode provider name : javassist
23:28:47.723 [main] INFO  o.h.a.c.Version -
                HCANN000001: Hibernate Commons Annotations {5.0.1.Final}
23:28:47.843 [main] WARN  o.h.o.c.pooling -
                HHH10001002: Using Hibernate built-in connection pool (not for production use!)
23:28:47.846 [main] INFO  o.h.o.c.pooling -
                HHH10001005: using driver [org.h2.Driver] at URL [jdbc:h2:tcp://localhost/~/test]
23:28:47.846 [main] INFO  o.h.o.c.pooling -
                HHH10001001: Connection properties: {user=sa}
23:28:47.846 [main] INFO  o.h.o.c.pooling -
                HHH10001003: Autocommit mode: false
23:28:47.850 [main] INFO  o.h.e.j.c.i.DriverManagerConnectionProviderImpl -
                HHH000115: Hibernate connection pool size: 20 (min=1)
23:28:47.961 [main] INFO  o.h.d.Dialect -
                HHH000400: Using dialect: org.hibernate.dialect.H2Dialect
23:28:48.341 [main] INFO  o.h.t.s.i.SchemaCreatorImpl -
                HHH000476: Executing import script 'org.hibernate.tool.schema.internal.exec.ScriptSourceInputNonExistentImpl@687a762c'
23:30:20.240 [main] INFO  o.h.o.c.pooling -
                HHH10001008: Cleaning up connection pool [jdbc:h2:tcp://localhost/~/test]
23:32:28.863 [main] WARN  o.h.e.HibernatePersistence -
                HHH015016: Encountered a deprecated javax.persistence.spi.PersistenceProvider [org.hibernate.ejb.HibernatePersistence]; use [org.hibernate.jpa.HibernatePersistenceProvider] instead.
23:32:28.866 [main] WARN  o.h.e.HibernatePersistence -
                HHH015016: Encountered a deprecated javax.persistence.spi.PersistenceProvider [org.hibernate.ejb.HibernatePersistence]; use [org.hibernate.jpa.HibernatePersistenceProvider] instead.
23:32:28.866 [main] WARN  o.h.e.HibernatePersistence -
                HHH015016: Encountered a deprecated javax.persistence.spi.PersistenceProvider [org.hibernate.ejb.HibernatePersistence]; use [org.hibernate.jpa.HibernatePersistenceProvider] instead.
23:32:28.939 [main] INFO  o.h.j.i.u.LogHelper -
                HHH000204: Processing PersistenceUnitInfo [
	name: jpademo
	...]
23:32:29.004 [main] INFO  o.h.Version -
                HHH000412: Hibernate Core {4.3.10.Final}
23:32:29.005 [main] INFO  o.h.c.Environment -
                HHH000206: hibernate.properties not found
23:32:29.007 [main] INFO  o.h.c.Environment -
                HHH000021: Bytecode provider name : javassist
23:32:29.097 [main] INFO  o.h.a.c.Version -
                HCANN000001: Hibernate Commons Annotations {4.0.5.Final}
23:32:29.117 [main] WARN  o.h.e.j.c.i.DriverManagerConnectionProviderImpl -
                HHH000402: Using Hibernate built-in connection pool (not for production use!)
23:32:29.119 [main] INFO  o.h.e.j.c.i.DriverManagerConnectionProviderImpl -
                HHH000401: using driver [org.h2.Driver] at URL [jdbc:h2:tcp://localhost/~/test]
23:32:29.120 [main] INFO  o.h.e.j.c.i.DriverManagerConnectionProviderImpl -
                HHH000046: Connection properties: {user=sa}
23:32:29.120 [main] INFO  o.h.e.j.c.i.DriverManagerConnectionProviderImpl -
                HHH000006: Autocommit mode: false
23:32:29.121 [main] INFO  o.h.e.j.c.i.DriverManagerConnectionProviderImpl -
                HHH000115: Hibernate connection pool size: 20 (min=1)
23:32:29.207 [main] INFO  o.h.d.Dialect -
                HHH000400: Using dialect: org.hibernate.dialect.H2Dialect
23:32:29.275 [main] INFO  o.h.h.i.a.ASTQueryTranslatorFactory -
                HHH000397: Using ASTQueryTranslatorFactory
23:32:29.452 [main] INFO  o.h.t.h.SchemaExport -
                HHH000227: Running hbm2ddl schema export
23:32:29.454 [main] INFO  o.h.t.h.SchemaExport -
                HHH000230: Schema export complete
23:32:29.562 [main] INFO  o.h.e.j.c.i.DriverManagerConnectionProviderImpl -
                HHH000030: Cleaning up connection pool [jdbc:h2:tcp://localhost/~/test]
23:34:08.885 [main] WARN  o.h.e.HibernatePersistence -
                HHH015016: Encountered a deprecated javax.persistence.spi.PersistenceProvider [org.hibernate.ejb.HibernatePersistence]; use [org.hibernate.jpa.HibernatePersistenceProvider] instead.
23:34:08.890 [main] WARN  o.h.e.HibernatePersistence -
                HHH015016: Encountered a deprecated javax.persistence.spi.PersistenceProvider [org.hibernate.ejb.HibernatePersistence]; use [org.hibernate.jpa.HibernatePersistenceProvider] instead.
23:34:08.890 [main] WARN  o.h.e.HibernatePersistence -
                HHH015016: Encountered a deprecated javax.persistence.spi.PersistenceProvider [org.hibernate.ejb.HibernatePersistence]; use [org.hibernate.jpa.HibernatePersistenceProvider] instead.
23:34:08.964 [main] INFO  o.h.j.i.u.LogHelper -
                HHH000204: Processing PersistenceUnitInfo [
	name: jpademo
	...]
23:34:09.021 [main] INFO  o.h.Version -
                HHH000412: Hibernate Core {4.3.10.Final}
23:34:09.022 [main] INFO  o.h.c.Environment -
                HHH000206: hibernate.properties not found
23:34:09.024 [main] INFO  o.h.c.Environment -
                HHH000021: Bytecode provider name : javassist
23:34:09.139 [main] INFO  o.h.a.c.Version -
                HCANN000001: Hibernate Commons Annotations {4.0.5.Final}
23:34:09.163 [main] WARN  o.h.e.j.c.i.DriverManagerConnectionProviderImpl -
                HHH000402: Using Hibernate built-in connection pool (not for production use!)
23:34:09.167 [main] INFO  o.h.e.j.c.i.DriverManagerConnectionProviderImpl -
                HHH000401: using driver [org.h2.Driver] at URL [jdbc:h2:tcp://localhost/~/test]
23:34:09.167 [main] INFO  o.h.e.j.c.i.DriverManagerConnectionProviderImpl -
                HHH000046: Connection properties: {user=sa}
23:34:09.167 [main] INFO  o.h.e.j.c.i.DriverManagerConnectionProviderImpl -
                HHH000006: Autocommit mode: false
23:34:09.168 [main] INFO  o.h.e.j.c.i.DriverManagerConnectionProviderImpl -
                HHH000115: Hibernate connection pool size: 20 (min=1)
23:34:09.336 [main] INFO  o.h.d.Dialect -
                HHH000400: Using dialect: org.hibernate.dialect.H2Dialect
23:34:09.504 [main] INFO  o.h.h.i.a.ASTQueryTranslatorFactory -
                HHH000397: Using ASTQueryTranslatorFactory
23:34:09.761 [main] INFO  o.h.t.h.SchemaExport -
                HHH000227: Running hbm2ddl schema export
23:34:09.766 [main] INFO  o.h.t.h.SchemaExport -
                HHH000230: Schema export complete
23:34:09.987 [main] INFO  o.h.e.j.c.i.DriverManagerConnectionProviderImpl -
                HHH000030: Cleaning up connection pool [jdbc:h2:tcp://localhost/~/test]
